<?xml version="1.0" encoding="UTF-8"?>
<testsuite name="MainTestClass" tests="1" skipped="0" failures="0" errors="0" timestamp="2021-05-14T11:36:24" hostname="ni-25905-1" time="0.017">
  <properties/>
  <testcase name="shouldAnswerWithTrue()" classname="MainTestClass" time="0.017"/>
  <system-out><![CDATA[]]></system-out>
  <system-err><![CDATA[]]></system-err>
</testsuite>
